<?xml version="1.0" encoding="UTF-8"?>
<!-- Generated by org.testng.reporters.JUnitReportReporter -->
<testsuite hostname="DESKTOP-I35SKP6" failures="0" tests="4" name="testcases.hometestcase" time="383.950" errors="0" timestamp="2021-03-17T16:42:05 IST" skipped="1">
  <testcase classname="testcases.hometestcase" name="placeOrderwithSigleItem" time="89.289"/>
  <system-out/>
  <testcase classname="testcases.hometestcase" name="placeOrder" time="25.559"/>
  <system-out/>
  <testcase classname="testcases.hometestcase" name="placeOrderwithmultipleItem" time="269.102"/>
  <system-out/>
  <testcase classname="testcases.hometestcase" name="handsFreeCategoryItemsOrder">
    <skipped/>
  </testcase> <!-- handsFreeCategoryItemsOrder -->
  <system-out/>
</testsuite> <!-- testcases.hometestcase -->
